<?xml version="1.0" encoding="UTF-8"?>
<!-- Generated by org.testng.reporters.JUnitXMLReporter -->
<testsuite ignored="1" hostname="DESKTOP-J26FJE8" failures="0" tests="3" name="Default test" time="30.404" errors="0" timestamp="2022-09-03T09:26:35 IST">
  <testcase classname="AutomationSelenium.AutomationMaven.LoginTest" name="Login" time="7.419"/>
  <testcase classname="AutomationSelenium.AutomationMaven.LoginTest" name="AddtoCart" time="5.114"/>
  <testcase classname="AutomationSelenium.AutomationMaven.LoginTest" name="PlaceOrder" time="4.926"/>
  <testcase classname="AutomationSelenium.AutomationMaven.LoginTest" name="SignUp" time="0.0">
    <ignored/>
  </testcase> <!-- SignUp -->
</testsuite> <!-- Default test -->
