<?xml version="1.0" encoding="UTF-8"?>
<testng-results ignored="1" total="4" passed="3" failed="0" skipped="0">
  <reporter-output>
  </reporter-output>
  <suite started-at="2022-09-03T09:26:04 IST" name="Default suite" finished-at="2022-09-03T09:26:35 IST" duration-ms="30404">
    <groups>
    </groups>
    <test started-at="2022-09-03T09:26:04 IST" name="Default test" finished-at="2022-09-03T09:26:35 IST" duration-ms="30404">
      <class name="AutomationSelenium.AutomationMaven.LoginTest">
        <test-method is-config="true" signature="beforeTest()[pri:0, instance:AutomationSelenium.AutomationMaven.LoginTest@6193932a]" started-at="2022-09-03T09:26:04 IST" name="beforeTest" finished-at="2022-09-03T09:26:17 IST" duration-ms="12902" status="PASS">
          <reporter-output>
          </reporter-output>
        </test-method> <!-- beforeTest -->
        <test-method signature="Login()[pri:2, instance:AutomationSelenium.AutomationMaven.LoginTest@6193932a]" started-at="2022-09-03T09:26:17 IST" name="Login" finished-at="2022-09-03T09:26:25 IST" duration-ms="7419" status="PASS">
          <reporter-output>
          </reporter-output>
        </test-method> <!-- Login -->
        <test-method signature="AddtoCart()[pri:3, instance:AutomationSelenium.AutomationMaven.LoginTest@6193932a]" started-at="2022-09-03T09:26:25 IST" name="AddtoCart" finished-at="2022-09-03T09:26:30 IST" duration-ms="5114" status="PASS">
          <reporter-output>
          </reporter-output>
        </test-method> <!-- AddtoCart -->
        <test-method signature="PlaceOrder()[pri:4, instance:AutomationSelenium.AutomationMaven.LoginTest@6193932a]" started-at="2022-09-03T09:26:30 IST" name="PlaceOrder" finished-at="2022-09-03T09:26:35 IST" duration-ms="4926" status="PASS">
          <reporter-output>
          </reporter-output>
        </test-method> <!-- PlaceOrder -->
        <test-method is-config="true" signature="afterTest()[pri:0, instance:AutomationSelenium.AutomationMaven.LoginTest@6193932a]" started-at="2022-09-03T09:26:35 IST" name="afterTest" finished-at="2022-09-03T09:26:35 IST" duration-ms="1" status="PASS">
          <reporter-output>
          </reporter-output>
        </test-method> <!-- afterTest -->
      </class> <!-- AutomationSelenium.AutomationMaven.LoginTest -->
    </test> <!-- Default test -->
  </suite> <!-- Default suite -->
</testng-results>
